This is pdfTeX, Version 3.14159265-2.6-1.40.16 (TeX Live 2015/Debian) (preloaded format=pdflatex 2017.8.29)  13 DEC 2017 17:23
entering extended mode
 restricted \write18 enabled.
 %&-line parsing enabled.
**coverLetterIU.tex
(./coverLetterIU.tex
LaTeX2e <2016/02/01>
Babel <3.9q> and hyphenation patterns for 81 language(s) loaded.
(/usr/share/texlive/texmf-dist/tex/latex/base/letter.cls
Document Class: letter 2014/09/29 v1.2z Standard LaTeX document class
(/usr/share/texlive/texmf-dist/tex/latex/base/size11.clo
File: size11.clo 2014/09/29 v1.4h Standard LaTeX file (size option)
)
\longindentation=\dimen102
\indentedwidth=\dimen103
\labelcount=\count79
)
(/usr/share/texlive/texmf-dist/tex/latex/psnfss/newcent.sty
Package: newcent 2005/04/12 PSNFSS-v9.2a (SPQR) 
)
(./coverLetterIU.aux)
\openout1 = `coverLetterIU.aux'.

LaTeX Font Info:    Checking defaults for OML/cmm/m/it on input line 35.
LaTeX Font Info:    ... okay on input line 35.
LaTeX Font Info:    Checking defaults for T1/cmr/m/n on input line 35.
LaTeX Font Info:    ... okay on input line 35.
LaTeX Font Info:    Checking defaults for OT1/cmr/m/n on input line 35.
LaTeX Font Info:    ... okay on input line 35.
LaTeX Font Info:    Checking defaults for OMS/cmsy/m/n on input line 35.
LaTeX Font Info:    ... okay on input line 35.
LaTeX Font Info:    Checking defaults for OMX/cmex/m/n on input line 35.
LaTeX Font Info:    ... okay on input line 35.
LaTeX Font Info:    Checking defaults for U/cmr/m/n on input line 35.
LaTeX Font Info:    ... okay on input line 35.
LaTeX Font Info:    Try loading font information for OT1+pnc on input line 35.
 (/usr/share/texlive/texmf-dist/tex/latex/psnfss/ot1pnc.fd
File: ot1pnc.fd 2001/06/04 font definitions for OT1/pnc.
)
LaTeX Font Info:    Font shape `OT1/pnc/bx/n' in size <12> not available
(Font)              Font shape `OT1/pnc/b/n' tried instead on input line 51.

Overfull \hbox (31.84196pt too wide) in paragraph at lines 69--73
\OT1/pnc/m/n/10.95 (rng@math.lsu.edu), Zheng-han Wang (zhengwa@math.ucsb.edu), 
Thomas Ker-ler (ker-ler.2@osu.edu),
 []


Overfull \hbox (73.76447pt too wide) in paragraph at lines 69--73
\OT1/pnc/m/n/10.95 and Dan Li-cata (dli-cata@wesleyan.edu) and a teach-ing let-
ter from Pe-ter Howard (phoward@math.tamu.edu). 
 []

LaTeX Font Info:    External font `cmex10' loaded for size
(Font)              <10.95> on input line 77.
LaTeX Font Info:    External font `cmex10' loaded for size
(Font)              <8> on input line 77.
LaTeX Font Info:    External font `cmex10' loaded for size
(Font)              <6> on input line 77.
[1

{/var/lib/texmf/fonts/map/pdftex/updmap/pdftex.map}] (./coverLetterIU.aux) ) 
Here is how much of TeX's memory you used:
 204 strings out of 493029
 2452 string characters out of 6136234
 56057 words of memory out of 5000000
 3808 multiletter control sequences out of 15000+600000
 9918 words of font info for 29 fonts, out of 8000000 for 9000
 1141 hyphenation exceptions out of 8191
 25i,6n,19p,321b,216s stack positions out of 5000i,500n,10000p,200000b,80000s
{/u
sr/share/texlive/texmf-dist/fonts/enc/dvips/base/8r.enc}</usr/share/texlive/tex
mf-dist/fonts/type1/urw/ncntrsbk/uncb8a.pfb></usr/share/texlive/texmf-dist/font
s/type1/urw/ncntrsbk/uncr8a.pfb>
Output written on coverLetterIU.pdf (1 page, 35954 bytes).
PDF statistics:
 17 PDF objects out of 1000 (max. 8388607)
 11 compressed objects within 1 object stream
 0 named destinations out of 1000 (max. 500000)
 1 words of extra memory for PDF output out of 10000 (max. 10000000)

