\BOOKMARK [0][-]{chapter*.1}{ABSTRACT}{}% 1
\BOOKMARK [0][-]{chapter*.2}{CONTRIBUTORS\040AND\040FUNDING\040SOURCES}{}% 2
\BOOKMARK [0][-]{section*.3}{TABLE\040OF\040CONTENTS}{}% 3
\BOOKMARK [0][-]{section*.4}{LIST\040OF\040FIGURES}{}% 4
\BOOKMARK [0][-]{chapter.1}{Introduction}{}% 5
\BOOKMARK [1][-]{section.1.1}{Topological\040quantum\040computation}{chapter.1}% 6
\BOOKMARK [2][-]{subsection.1.1.1}{Mapping\040class\040groups}{section.1.1}% 7
\BOOKMARK [2][-]{subsection.1.1.2}{Spherical\040fusion\040categories}{section.1.1}% 8
\BOOKMARK [2][-]{subsection.1.1.3}{Topological\040quantum\040field\040theories}{section.1.1}% 9
\BOOKMARK [1][-]{section.1.2}{The\040Property\040F\040conjecture}{chapter.1}% 10
\BOOKMARK [1][-]{section.1.3}{Twisted\040Dijkgraaf-Witten\040Theory}{chapter.1}% 11
\BOOKMARK [2][-]{subsection.1.3.1}{The spherical fusion category `3́9`42`"̇613A``45`47`"603AVecG}{section.1.3}% 12
\BOOKMARK [2][-]{subsection.1.3.2}{Strictification}{section.1.3}% 13
\BOOKMARK [2][-]{subsection.1.3.3}{Colored\040graphs}{section.1.3}% 14
\BOOKMARK [0][-]{chapter.2}{Related\040Work}{}% 15
\BOOKMARK [0][-]{chapter.3}{RESULTS}{}% 16
\BOOKMARK [1][-]{subsection.3.0.1}{No\040Boundary\040Case}{chapter.3}% 17
\BOOKMARK [2][-]{subsection.3.0.2}{Boundary\040Case}{subsection.3.0.1}% 18
\BOOKMARK [0][-]{chapter.4}{SUMMARY\040AND\040OUTLOOK\040}{}% 19
\BOOKMARK [0][-]{section*.13}{REFERENCES}{}% 20
